<?xml version="1.0" encoding="UTF-8"?>
<testsuite name="com.example.consumingrest.ConsumingRestApplicationTests" tests="1" skipped="0" failures="0" errors="0" timestamp="2021-07-20T19:23:16" hostname="Chetanas-MacBook-Pro-2.local" time="0.15">
  <properties/>
  <testcase name="contextLoads()" classname="com.example.consumingrest.ConsumingRestApplicationTests" time="0.15"/>
  <system-out><![CDATA[15:23:11.854 [Test worker] DEBUG org.springframework.test.context.BootstrapUtils - Instantiating CacheAwareContextLoaderDelegate from class [org.springframework.test.context.cache.DefaultCacheAwareContextLoaderDelegate]
15:23:11.863 [Test worker] DEBUG org.springframework.test.context.BootstrapUtils - Instantiating BootstrapContext using constructor [public org.springframework.test.context.support.DefaultBootstrapContext(java.lang.Class,org.springframework.test.context.CacheAwareContextLoaderDelegate)]
15:23:11.911 [Test worker] DEBUG org.springframework.test.context.BootstrapUtils - Instantiating TestContextBootstrapper for test class [com.example.consumingrest.ConsumingRestApplicationTests] from class [org.springframework.boot.test.context.SpringBootTestContextBootstrapper]
15:23:11.926 [Test worker] INFO org.springframework.boot.test.context.SpringBootTestContextBootstrapper - Neither @ContextConfiguration nor @ContextHierarchy found for test class [com.example.consumingrest.ConsumingRestApplicationTests], using SpringBootContextLoader
15:23:11.931 [Test worker] DEBUG org.springframework.test.context.support.AbstractContextLoader - Did not detect default resource location for test class [com.example.consumingrest.ConsumingRestApplicationTests]: class path resource [com/example/consumingrest/ConsumingRestApplicationTests-context.xml] does not exist
15:23:11.931 [Test worker] DEBUG org.springframework.test.context.support.AbstractContextLoader - Did not detect default resource location for test class [com.example.consumingrest.ConsumingRestApplicationTests]: class path resource [com/example/consumingrest/ConsumingRestApplicationTestsContext.groovy] does not exist
15:23:11.931 [Test worker] INFO org.springframework.test.context.support.AbstractContextLoader - Could not detect default resource locations for test class [com.example.consumingrest.ConsumingRestApplicationTests]: no resource found for suffixes {-context.xml, Context.groovy}.
15:23:11.932 [Test worker] INFO org.springframework.test.context.support.AnnotationConfigContextLoaderUtils - Could not detect default configuration classes for test class [com.example.consumingrest.ConsumingRestApplicationTests]: ConsumingRestApplicationTests does not declare any static, non-private, non-final, nested classes annotated with @Configuration.
15:23:11.988 [Test worker] DEBUG org.springframework.test.context.support.ActiveProfilesUtils - Could not find an 'annotation declaring class' for annotation type [org.springframework.test.context.ActiveProfiles] and class [com.example.consumingrest.ConsumingRestApplicationTests]
15:23:12.083 [Test worker] DEBUG org.springframework.context.annotation.ClassPathScanningCandidateComponentProvider - Identified candidate component class: file [/Users/chetanaparupalli/Documents/workspace-spring-tool-suite-4-4.11.0.RELEASE/gs-consuming-rest-initial/build/classes/java/main/com/example/consumingrest/ConsumingRestApplication.class]
15:23:12.089 [Test worker] INFO org.springframework.boot.test.context.SpringBootTestContextBootstrapper - Found @SpringBootConfiguration com.example.consumingrest.ConsumingRestApplication for test class com.example.consumingrest.ConsumingRestApplicationTests
15:23:12.214 [Test worker] DEBUG org.springframework.boot.test.context.SpringBootTestContextBootstrapper - @TestExecutionListeners is not present for class [com.example.consumingrest.ConsumingRestApplicationTests]: using defaults.
15:23:12.215 [Test worker] INFO org.springframework.boot.test.context.SpringBootTestContextBootstrapper - Loaded default TestExecutionListener class names from location [META-INF/spring.factories]: [org.springframework.boot.test.autoconfigure.restdocs.RestDocsTestExecutionListener, org.springframework.boot.test.autoconfigure.web.client.MockRestServiceServerResetTestExecutionListener, org.springframework.boot.test.autoconfigure.web.servlet.MockMvcPrintOnlyOnFailureTestExecutionListener, org.springframework.boot.test.autoconfigure.web.servlet.WebDriverTestExecutionListener, org.springframework.boot.test.autoconfigure.webservices.client.MockWebServiceServerTestExecutionListener, org.springframework.boot.test.mock.mockito.MockitoTestExecutionListener, org.springframework.boot.test.mock.mockito.ResetMocksTestExecutionListener, org.springframework.test.context.web.ServletTestExecutionListener, org.springframework.test.context.support.DirtiesContextBeforeModesTestExecutionListener, org.springframework.test.context.event.ApplicationEventsTestExecutionListener, org.springframework.test.context.support.DependencyInjectionTestExecutionListener, org.springframework.test.context.support.DirtiesContextTestExecutionListener, org.springframework.test.context.transaction.TransactionalTestExecutionListener, org.springframework.test.context.jdbc.SqlScriptsTestExecutionListener, org.springframework.test.context.event.EventPublishingTestExecutionListener]
15:23:12.225 [Test worker] DEBUG org.springframework.boot.test.context.SpringBootTestContextBootstrapper - Skipping candidate TestExecutionListener [org.springframework.test.context.transaction.TransactionalTestExecutionListener] due to a missing dependency. Specify custom listener classes or make the default listener classes and their required dependencies available. Offending class: [org/springframework/transaction/TransactionDefinition]
15:23:12.226 [Test worker] DEBUG org.springframework.boot.test.context.SpringBootTestContextBootstrapper - Skipping candidate TestExecutionListener [org.springframework.test.context.jdbc.SqlScriptsTestExecutionListener] due to a missing dependency. Specify custom listener classes or make the default listener classes and their required dependencies available. Offending class: [org/springframework/transaction/interceptor/TransactionAttribute]
15:23:12.226 [Test worker] INFO org.springframework.boot.test.context.SpringBootTestContextBootstrapper - Using TestExecutionListeners: [org.springframework.test.context.web.ServletTestExecutionListener@7701cdee, org.springframework.test.context.support.DirtiesContextBeforeModesTestExecutionListener@2138aa95, org.springframework.test.context.event.ApplicationEventsTestExecutionListener@43082cf6, org.springframework.boot.test.mock.mockito.MockitoTestExecutionListener@285b363c, org.springframework.boot.test.autoconfigure.SpringBootDependencyInjectionTestExecutionListener@514ce064, org.springframework.test.context.support.DirtiesContextTestExecutionListener@35c484da, org.springframework.test.context.event.EventPublishingTestExecutionListener@37a96108, org.springframework.boot.test.autoconfigure.restdocs.RestDocsTestExecutionListener@46b24b17, org.springframework.boot.test.autoconfigure.web.client.MockRestServiceServerResetTestExecutionListener@70cbcc65, org.springframework.boot.test.autoconfigure.web.servlet.MockMvcPrintOnlyOnFailureTestExecutionListener@61b874f2, org.springframework.boot.test.autoconfigure.web.servlet.WebDriverTestExecutionListener@1de5e8ec, org.springframework.boot.test.autoconfigure.webservices.client.MockWebServiceServerTestExecutionListener@49dbf2b4, org.springframework.boot.test.mock.mockito.ResetMocksTestExecutionListener@675da70e]
15:23:12.230 [Test worker] DEBUG org.springframework.test.context.support.AbstractDirtiesContextTestExecutionListener - Before test class: context [DefaultTestContext@6466ffd4 testClass = ConsumingRestApplicationTests, testInstance = [null], testMethod = [null], testException = [null], mergedContextConfiguration = [WebMergedContextConfiguration@12b01ad1 testClass = ConsumingRestApplicationTests, locations = '{}', classes = '{class com.example.consumingrest.ConsumingRestApplication}', contextInitializerClasses = '[]', activeProfiles = '{}', propertySourceLocations = '{}', propertySourceProperties = '{org.springframework.boot.test.context.SpringBootTestContextBootstrapper=true}', contextCustomizers = set[org.springframework.boot.test.autoconfigure.actuate.metrics.MetricsExportContextCustomizerFactory$DisableMetricExportContextCustomizer@4f3bca8b, org.springframework.boot.test.autoconfigure.properties.PropertyMappingContextCustomizer@0, org.springframework.boot.test.autoconfigure.web.servlet.WebDriverContextCustomizerFactory$Customizer@44d0a384, org.springframework.boot.test.context.filter.ExcludeFilterContextCustomizer@1e7c5c14, org.springframework.boot.test.json.DuplicateJsonObjectContextCustomizerFactory$DuplicateJsonObjectContextCustomizer@6cfe9c73, org.springframework.boot.test.mock.mockito.MockitoContextCustomizer@0, org.springframework.boot.test.web.client.TestRestTemplateContextCustomizer@aa51002, org.springframework.boot.test.context.SpringBootTestArgs@1, org.springframework.boot.test.context.SpringBootTestWebEnvironment@6554658c], resourceBasePath = 'src/main/webapp', contextLoader = 'org.springframework.boot.test.context.SpringBootContextLoader', parent = [null]], attributes = map['org.springframework.test.context.web.ServletTestExecutionListener.activateListener' -> true]], class annotated with @DirtiesContext [false] with mode [null].
15:23:12.269 [Test worker] DEBUG org.springframework.test.context.support.TestPropertySourceUtils - Adding inlined properties to environment: {spring.jmx.enabled=false, org.springframework.boot.test.context.SpringBootTestContextBootstrapper=true}

  .   ____          _            __ _ _
 /\\ / ___'_ __ _ _(_)_ __  __ _ \ \ \ \
( ( )\___ | '_ | '_| | '_ \/ _` | \ \ \ \
 \\/  ___)| |_)| | | | | || (_| |  ) ) ) )
  '  |____| .__|_| |_|_| |_\__, | / / / /
 =========|_|==============|___/=/_/_/_/
 :: Spring Boot ::                (v2.5.2)

2021-07-20 15:23:12.664  INFO 5063 --- [    Test worker] c.e.c.ConsumingRestApplicationTests      : Starting ConsumingRestApplicationTests using Java 1.8.0_281 on Chetanas-MacBook-Pro-2.local with PID 5063 (started by chetanaparupalli in /Users/chetanaparupalli/Documents/workspace-spring-tool-suite-4-4.11.0.RELEASE/gs-consuming-rest-initial)
2021-07-20 15:23:12.680  INFO 5063 --- [    Test worker] c.e.c.ConsumingRestApplicationTests      : No active profile set, falling back to default profiles: default
2021-07-20 15:23:15.134  INFO 5063 --- [    Test worker] c.e.c.ConsumingRestApplicationTests      : Started ConsumingRestApplicationTests in 2.858 seconds (JVM running for 4.28)
2021-07-20 15:23:16.303  INFO 5063 --- [    Test worker] c.e.c.ConsumingRestApplication           : Quote{type='success', value=Value{id=8, quote='I don't worry about my code scaling. Boot allows the developer to peel back the layers and customize when it's appropriate while keeping the conventions that just work.'}}
]]></system-out>
  <system-err><![CDATA[]]></system-err>
</testsuite>
